<?xml version="1.0" encoding="UTF-8"?>
<testng-results skipped="0" failed="0" total="2" passed="2">
  <reporter-output>
  </reporter-output>
  <suite name="API_Testing_Automation" duration-ms="5928" started-at="2023-04-12T06:09:44Z" finished-at="2023-04-12T06:09:50Z">
    <groups>
    </groups>
    <test name="APITest" duration-ms="5928" started-at="2023-04-12T06:09:44Z" finished-at="2023-04-12T06:09:50Z">
      <class name="com.india.apitest.businessLogics.BusinessTest">
        <test-method status="PASS" signature="validAPITest(java.lang.reflect.Method, java.lang.String, java.lang.String, java.lang.String, java.lang.String, java.lang.String, java.lang.String, java.lang.String, java.lang.String, java.lang.String, java.lang.String, java.lang.String, java.lang.String)[pri:0, instance:com.india.apitest.businessLogics.BusinessTest@532760d8]" name="validAPITest" duration-ms="4273" started-at="2023-04-12T11:39:45Z" description="API Test" data-provider="BusinessAPITest" finished-at="2023-04-12T11:39:49Z">
          <params>
            <param index="0">
              <value>
                <![CDATA[public void com.india.apitest.businessLogics.BusinessTest.validAPITest(java.lang.reflect.Method,java.lang.String,java.lang.String,java.lang.String,java.lang.String,java.lang.String,java.lang.String,java.lang.String,java.lang.String,java.lang.String,java.lang.String,java.lang.String,java.lang.String) throws java.lang.Exception]]>
              </value>
            </param>
            <param index="1">
              <value>
                <![CDATA[GET User Data]]>
              </value>
            </param>
            <param index="2">
              <value>
                <![CDATA[/api/v1/employees]]>
              </value>
            </param>
            <param index="3">
              <value>
                <![CDATA[GET]]>
              </value>
            </param>
            <param index="4">
              <value>
                <![CDATA[Content-Type]]>
              </value>
            </param>
            <param index="5">
              <value>
                <![CDATA[application/json]]>
              </value>
            </param>
            <param index="6">
              <value>
                <![CDATA[]]>
              </value>
            </param>
            <param index="7">
              <value>
                <![CDATA[]]>
              </value>
            </param>
            <param index="8">
              <value>
                <![CDATA[]]>
              </value>
            </param>
            <param index="9">
              <value>
                <![CDATA[200]]>
              </value>
            </param>
            <param index="10">
              <value>
                <![CDATA[status:data.employee_name[1]]]>
              </value>
            </param>
            <param index="11">
              <value>
                <![CDATA[success:Garrett Winters]]>
              </value>
            </param>
            <param index="12">
              <value>
                <![CDATA[EQUALS:EQUALS]]>
              </value>
            </param>
          </params>
          <reporter-output>
          </reporter-output>
        </test-method> <!-- validAPITest -->
        <test-method status="PASS" signature="validAPITest(java.lang.reflect.Method, java.lang.String, java.lang.String, java.lang.String, java.lang.String, java.lang.String, java.lang.String, java.lang.String, java.lang.String, java.lang.String, java.lang.String, java.lang.String, java.lang.String)[pri:0, instance:com.india.apitest.businessLogics.BusinessTest@532760d8]" name="validAPITest" duration-ms="997" started-at="2023-04-12T11:39:49Z" description="API Test" data-provider="BusinessAPITest" finished-at="2023-04-12T11:39:50Z">
          <params>
            <param index="0">
              <value>
                <![CDATA[public void com.india.apitest.businessLogics.BusinessTest.validAPITest(java.lang.reflect.Method,java.lang.String,java.lang.String,java.lang.String,java.lang.String,java.lang.String,java.lang.String,java.lang.String,java.lang.String,java.lang.String,java.lang.String,java.lang.String,java.lang.String) throws java.lang.Exception]]>
              </value>
            </param>
            <param index="1">
              <value>
                <![CDATA[GET Specific User Data]]>
              </value>
            </param>
            <param index="2">
              <value>
                <![CDATA[/api/v1/employee/1]]>
              </value>
            </param>
            <param index="3">
              <value>
                <![CDATA[GET]]>
              </value>
            </param>
            <param index="4">
              <value>
                <![CDATA[Content-Type]]>
              </value>
            </param>
            <param index="5">
              <value>
                <![CDATA[application/json]]>
              </value>
            </param>
            <param index="6">
              <value>
                <![CDATA[]]>
              </value>
            </param>
            <param index="7">
              <value>
                <![CDATA[]]>
              </value>
            </param>
            <param index="8">
              <value>
                <![CDATA[]]>
              </value>
            </param>
            <param index="9">
              <value>
                <![CDATA[200]]>
              </value>
            </param>
            <param index="10">
              <value>
                <![CDATA[status:data.employee_name[1]]]>
              </value>
            </param>
            <param index="11">
              <value>
                <![CDATA[success:Tiger Nixon]]>
              </value>
            </param>
            <param index="12">
              <value>
                <![CDATA[EQUALS:EQUALS]]>
              </value>
            </param>
          </params>
          <reporter-output>
          </reporter-output>
        </test-method> <!-- validAPITest -->
      </class> <!-- com.india.apitest.businessLogics.BusinessTest -->
    </test> <!-- APITest -->
  </suite> <!-- API_Testing_Automation -->
</testng-results>
